 <array>:
      00: 00 00 00 0d    
      04: 00 00 00 12    
      08: 00 00 00 05    
      0c: 00 00 00 03    
      10: 00 00 00 0a    
<lenght>:
      14: 00 00 00 05    
      18: 40 0f ff e8    load R0, [Array]
      1c: 40 1f ff f8    load R1, [Lenght]
      20: 40 11 00 00    load R1, [R1]
      24: 21 11 00 00    subi R1, R1, 0
      28: 20 ff 00 00    bra +0
      2c: 40 20 00 00    load R2, [R0]
      30: 20 32 00 00    mov R3, R2
      34: 20 00 00 04    addi R0, R0, 4
      38: 21 11 00 01    subi R1, R1, 1
 <loop1>:
      3c: 21 11 00 00    subi R1, R1, 0
      40: 20 ff 00 00    bra +0
      44: 40 20 00 00    load R2, [R0]
      48: 20 32 00 00    mov R3, R2
      4c: 20 00 00 04    addi R0, R0, 4
      50: 21 11 00 01    subi R1, R1, 1
   <end>:
      54: 20 13 00 00    mov R1, R3
      58: 20 ff 00 00    bra +0

