     <main>:
         00: 20 10 00 00    leti r1, 0
         04: 20 20 00 00    leti r2, 0
         08: 50 ef 00 2c    call drawpixel
         0c: 20 10 00 00    leti r1, 0
         10: 20 20 00 3b    leti r2, 59
         14: 50 ef 00 20    call drawpixel
         18: 20 10 00 4f    leti r1, 79
         1c: 20 20 00 00    leti r2, 0
         20: 50 ef 00 14    call drawpixel
         24: 20 10 00 4f    leti r1, 79
         28: 20 20 00 3b    leti r2, 59
         2c: 50 ef 00 08    call drawpixel
         30: 20 ff 00 00    bra +0
<drawpixel>:
         34: 22 11 00 04    muli R1, R1, 4
         38: 22 22 01 40    muli R2, R2, 320
         3c: 10 32 10 00    add R3, R2, R1
         40: 20 40 00 0b    leti R4, 0xB0000000
         44: 28 44 00 1c    
         48: 10 54 30 00    add R5, R4, R3
         4c: 20 60 ff 00    leti R6, 0xFF00FF00
         50: 28 66 00 04    
         54: 20 66 00 0f    
         58: 28 66 00 0c    
         5c: 20 66 0f 00    
         60: 41 56 00 00    store [r5], r6
         64: 50 0e 00 00    ret

