     <main>:
         00: 20 10 00 01    leti r1, 1
         04: 20 20 00 02    leti r2, 2
         08: 50 ef 00 44    call drawpixel
         0c: 20 10 00 07    leti r1, 7
         10: 20 20 00 3b    leti r2, 59
         14: 50 ef 00 38    call drawpixel
         18: 20 10 00 00    leti r1, 0
         1c: 20 20 00 00    leti r2, 0
         20: 50 ef 00 2c    call drawpixel
         24: 20 10 00 00    leti r1, 0
         28: 20 20 00 3b    leti r2, 59
         2c: 50 ef 00 20    call drawpixel
         30: 20 10 00 4f    leti r1, 79
         34: 20 20 00 00    leti r2, 0
         38: 50 ef 00 14    call drawpixel
         3c: 20 10 00 4f    leti r1, 79
         40: 20 20 00 3b    leti r2, 59
         44: 50 ef 00 08    call drawpixel
         48: 20 ff 00 00    bra +0
<drawpixel>:
         4c: 22 11 00 04    muli R1, R1, 4
         50: 22 22 01 40    muli R2, R2, 320
         54: 10 32 10 00    add R3, R2, R1
         58: 20 40 00 0b    leti R4, 0xB0000000
         5c: 28 44 00 1c    
         60: 10 54 30 00    add R5, R4, R3
         64: 20 60 00 ff    leti R6, 0xFFFF00
         68: 28 66 00 04    
         6c: 20 66 00 0f    
         70: 28 66 00 0c    
         74: 20 66 0f 00    
         78: 41 56 00 00    store [r5], r6
         7c: 50 0e 00 00    ret

